00000000	0000010d	call	0x1
00000001	00000012	HALT	0x0
00000002				sumN:
00000002	00000003	stl	0x0
00000003	ffffff0a	adj	0xffffff
00000004				loop:
00000004	00001500	ldc	0x15
00000005	00000004	ldnl	0x0
00000006	00001600	ldc	0x16
00000007	00000004	ldnl	0x0
00000008	00000006	add	0x0
00000009	00001600	ldc	0x16
0000000a	00000005	stnl	0x0
0000000b	00001500	ldc	0x15
0000000c	00000004	ldnl	0x0
0000000d	fffffe01	adc	0xfffffe
0000000e	0000030f	brz	0x3
0000000f	00001500	ldc	0x15
00000010	00000005	stnl	0x0
00000011	fffff211	br	0xfffff2
00000012				done:
00000012	0000010a	adj	0x1
00000013	00000002	ldl	0x0
00000014	0000000e	return	0x0
00000015				num:
00000015	0000000a	data	0xa
00000016				sum:
00000016	00000000	data	0x0
